{
  "RSpec": {
    "coverage": {
      "/home/zayne/mybot/lita-doubler/lib/lita-doubler.rb": {
        "lines": [
          1,
          null,
          1,
          0,
          null,
          0,
          null,
          0,
          0,
          0,
          null,
          0,
          null,
          0,
          0,
          null,
          null,
          0,
          0,
          0,
          null,
          0,
          0,
          0,
          null,
          0,
          null,
          null,
          null,
          0,
          0,
          0,
          null,
          null,
          null
        ]
      }
    },
    "timestamp": 1603714620
  }
}
